Build started 1/25/2015 9:26:13 PM.
     1>Project "C:\Users\Michael\Desktop\CaffeinatedAPI\Vanquished-Souls\RCEnet_DLL\RCEnet_DLL\EnetLib\EnetLib.vcxproj" on node 2 (Rebuild target(s)).
     1>ClCompile:
         C:\Program Files (x86)\Microsoft Visual Studio 12.0\VC\bin\CL.exe /c /Iinclude /Zi /nologo /W3 /WX- /O2 /Oy- /GL /D WIN32 /D NDEBUG /D _LIB /D _UNICODE /D UNICODE /Gm- /EHsc /MD /GS /fp:precise /Zc:wchar_t /Zc:forScope /Fo"Release\\" /Fd"Release\vc120.pdb" /Gd /TC /analyze- /errorReport:prompt callbacks.c host.c list.c packet.c peer.c protocol.c unix.c win32.c
         callbacks.c
         host.c
         list.c
         packet.c
         peer.c
         protocol.c
         unix.c
         win32.c
       Lib:
         C:\Program Files (x86)\Microsoft Visual Studio 12.0\VC\bin\Lib.exe /OUT:"..\RCEnet\enet\EnetLib.lib" /NOLOGO /LTCG Release\callbacks.obj
         Release\host.obj
         Release\list.obj
         Release\packet.obj
         Release\peer.obj
         Release\protocol.obj
         Release\unix.obj
         Release\win32.obj
         EnetLib.vcxproj -> C:\Users\Michael\Desktop\CaffeinatedAPI\Vanquished-Souls\RCEnet_DLL\RCEnet_DLL\EnetLib\..\RCEnet\enet\EnetLib.lib
     1>Done Building Project "C:\Users\Michael\Desktop\CaffeinatedAPI\Vanquished-Souls\RCEnet_DLL\RCEnet_DLL\EnetLib\EnetLib.vcxproj" (Rebuild target(s)).

Build succeeded.

Time Elapsed 00:00:01.66
